<?xml version="1.0" encoding="UTF-8"?>
<!-- Generated by org.testng.reporters.JUnitReportReporter -->
<testsuite hostname="Abhijeets-MacBook-Air.local" failures="0" tests="1" name="Basket.Testing" time="10.245" errors="0" timestamp="2024-04-07T20:15:58 IST" skipped="0">
  <testcase classname="Basket.Testing" name="greenKart" time="10.245"/>
</testsuite> <!-- Basket.Testing -->
